# JRE version: Java(TM) SE Runtime Environment (24.0+36) (build 24+36-3646)
# Java VM: Java HotSpot(TM) 64-Bit Server VM (24+36-3646, mixed mode, sharing, tiered, compressed oops, compressed class ptrs, g1 gc, windows-amd64)
GC Precious Log:
 CardTable entry size: 512
 Card Set container configuration: InlinePtr #cards 5 size 8 Array Of Cards #cards 10 size 36 Howl #buckets 4 coarsen threshold 1843 Howl Bitmap #cards 512 size 80 coarsen threshold 460 Card regions per heap region 1 cards per card region 2048
 CPUs: 12 total, 12 available
 Memory: 7971M
 Large Page Support: Disabled
 NUMA Support: Disabled
 Compressed Oops: Enabled (32-bit)
 Heap Region Size: 1M
 Heap Min Capacity: 8M
 Heap Initial Capacity: 126M
 Heap Max Capacity: 2G
 Pre-touch: Disabled
 Parallel Workers: 10
 Concurrent Workers: 3
 Concurrent Refinement Workers: 10
 Periodic GC: Disabled
Heap:
 garbage-first heap   total reserved 2097152K, committed 263168K, used 215002K [0x0000000080000000, 0x0000000100000000)
  region size 1024K, 55 young (56320K), 5 survivors (5120K)
 Metaspace       used 120385K, committed 123136K, reserved 557056K
  class space    used 13594K, committed 14848K, reserved 425984K
GC Heap History (20 events):
Event: 30.873 GC heap before
{Heap before GC invocations=55 (full 0):
 garbage-first heap   total reserved 2097152K, committed 222208K, used 202351K [0x0000000080000000, 0x0000000100000000)
  region size 1024K, 73 young (74752K), 6 survivors (6144K)
 Metaspace       used 116706K, committed 119296K, reserved 557056K
  class space    used 13253K, committed 14464K, reserved 425984K
}
Event: 30.881 GC heap after
{Heap after GC invocations=56 (full 0):
 garbage-first heap   total reserved 2097152K, committed 222208K, used 136045K [0x0000000080000000, 0x0000000100000000)
  region size 1024K, 8 young (8192K), 8 survivors (8192K)
 Metaspace       used 116706K, committed 119296K, reserved 557056K
  class space    used 13253K, committed 14464K, reserved 425984K
}
Event: 34.658 GC heap before
{Heap before GC invocations=56 (full 0):
 garbage-first heap   total reserved 2097152K, committed 222208K, used 201581K [0x0000000080000000, 0x0000000100000000)
  region size 1024K, 72 young (73728K), 8 survivors (8192K)
 Metaspace       used 117957K, committed 120512K, reserved 557056K
  class space    used 13442K, committed 14592K, reserved 425984K
}
Event: 34.668 GC heap after
{Heap after GC invocations=57 (full 0):
 garbage-first heap   total reserved 2097152K, committed 222208K, used 138419K [0x0000000080000000, 0x0000000100000000)
  region size 1024K, 7 young (7168K), 7 survivors (7168K)
 Metaspace       used 117957K, committed 120512K, reserved 557056K
  class space    used 13442K, committed 14592K, reserved 425984K
}
Event: 35.725 GC heap before
{Heap before GC invocations=58 (full 0):
 garbage-first heap   total reserved 2097152K, committed 232448K, used 200883K [0x0000000080000000, 0x0000000100000000)
  region size 1024K, 69 young (70656K), 7 survivors (7168K)
 Metaspace       used 118372K, committed 120960K, reserved 557056K
  class space    used 13491K, committed 14656K, reserved 425984K
}
Event: 35.735 GC heap after
{Heap after GC invocations=59 (full 0):
 garbage-first heap   total reserved 2097152K, committed 232448K, used 143490K [0x0000000080000000, 0x0000000100000000)
  region size 1024K, 8 young (8192K), 8 survivors (8192K)
 Metaspace       used 118372K, committed 120960K, reserved 557056K
  class space    used 13491K, committed 14656K, reserved 425984K
}
Event: 37.353 GC heap before
{Heap before GC invocations=59 (full 0):
 garbage-first heap   total reserved 2097152K, committed 232448K, used 212098K [0x0000000080000000, 0x0000000100000000)
  region size 1024K, 74 young (75776K), 8 survivors (8192K)
 Metaspace       used 118830K, committed 121536K, reserved 557056K
  class space    used 13524K, committed 14720K, reserved 425984K
}
Event: 37.370 GC heap after
{Heap after GC invocations=60 (full 0):
 garbage-first heap   total reserved 2097152K, committed 232448K, used 148471K [0x0000000080000000, 0x0000000100000000)
  region size 1024K, 10 young (10240K), 10 survivors (10240K)
 Metaspace       used 118830K, committed 121536K, reserved 557056K
  class space    used 13524K, committed 14720K, reserved 425984K
}
Event: 37.984 GC heap before
{Heap before GC invocations=60 (full 0):
 garbage-first heap   total reserved 2097152K, committed 232448K, used 209911K [0x0000000080000000, 0x0000000100000000)
  region size 1024K, 70 young (71680K), 10 survivors (10240K)
 Metaspace       used 119060K, committed 121792K, reserved 557056K
  class space    used 13543K, committed 14784K, reserved 425984K
}
Event: 37.996 GC heap after
{Heap after GC invocations=61 (full 0):
 garbage-first heap   total reserved 2097152K, committed 232448K, used 154421K [0x0000000080000000, 0x0000000100000000)
  region size 1024K, 6 young (6144K), 6 survivors (6144K)
 Metaspace       used 119060K, committed 121792K, reserved 557056K
  class space    used 13543K, committed 14784K, reserved 425984K
}
Event: 38.981 GC heap before
{Heap before GC invocations=62 (full 0):
 garbage-first heap   total reserved 2097152K, committed 260096K, used 209717K [0x0000000080000000, 0x0000000100000000)
  region size 1024K, 61 young (62464K), 6 survivors (6144K)
 Metaspace       used 119243K, committed 121984K, reserved 557056K
  class space    used 13553K, committed 14784K, reserved 425984K
}
Event: 38.990 GC heap after
{Heap after GC invocations=63 (full 0):
 garbage-first heap   total reserved 2097152K, committed 260096K, used 159180K [0x0000000080000000, 0x0000000100000000)
  region size 1024K, 6 young (6144K), 6 survivors (6144K)
 Metaspace       used 119243K, committed 121984K, reserved 557056K
  class space    used 13553K, committed 14784K, reserved 425984K
}
Event: 41.259 GC heap before
{Heap before GC invocations=63 (full 0):
 garbage-first heap   total reserved 2097152K, committed 260096K, used 238028K [0x0000000080000000, 0x0000000100000000)
  region size 1024K, 83 young (84992K), 6 survivors (6144K)
 Metaspace       used 119395K, committed 122048K, reserved 557056K
  class space    used 13567K, committed 14784K, reserved 425984K
}
Event: 41.274 GC heap after
{Heap after GC invocations=64 (full 0):
 garbage-first heap   total reserved 2097152K, committed 260096K, used 148618K [0x0000000080000000, 0x0000000100000000)
  region size 1024K, 8 young (8192K), 8 survivors (8192K)
 Metaspace       used 119395K, committed 122048K, reserved 557056K
  class space    used 13567K, committed 14784K, reserved 425984K
}
Event: 42.612 GC heap before
{Heap before GC invocations=64 (full 0):
 garbage-first heap   total reserved 2097152K, committed 260096K, used 228490K [0x0000000080000000, 0x0000000100000000)
  region size 1024K, 87 young (89088K), 8 survivors (8192K)
 Metaspace       used 119754K, committed 122496K, reserved 557056K
  class space    used 13572K, committed 14784K, reserved 425984K
}
Event: 42.634 GC heap after
{Heap after GC invocations=65 (full 0):
 garbage-first heap   total reserved 2097152K, committed 260096K, used 157262K [0x0000000080000000, 0x0000000100000000)
  region size 1024K, 11 young (11264K), 11 survivors (11264K)
 Metaspace       used 119754K, committed 122496K, reserved 557056K
  class space    used 13572K, committed 14784K, reserved 425984K
}
Event: 44.429 GC heap before
{Heap before GC invocations=66 (full 0):
 garbage-first heap   total reserved 2097152K, committed 263168K, used 235086K [0x0000000080000000, 0x0000000100000000)
  region size 1024K, 86 young (88064K), 11 survivors (11264K)
 Metaspace       used 119972K, committed 122752K, reserved 557056K
  class space    used 13576K, committed 14848K, reserved 425984K
}
Event: 44.445 GC heap after
{Heap after GC invocations=67 (full 0):
 garbage-first heap   total reserved 2097152K, committed 263168K, used 164311K [0x0000000080000000, 0x0000000100000000)
  region size 1024K, 8 young (8192K), 8 survivors (8192K)
 Metaspace       used 119972K, committed 122752K, reserved 557056K
  class space    used 13576K, committed 14848K, reserved 425984K
}
Event: 45.911 GC heap before
{Heap before GC invocations=67 (full 0):
 garbage-first heap   total reserved 2097152K, committed 263168K, used 240087K [0x0000000080000000, 0x0000000100000000)
  region size 1024K, 82 young (83968K), 8 survivors (8192K)
 Metaspace       used 120081K, committed 122816K, reserved 557056K
  class space    used 13584K, committed 14848K, reserved 425984K
}
Event: 45.925 GC heap after
{Heap after GC invocations=68 (full 0):
 garbage-first heap   total reserved 2097152K, committed 263168K, used 165850K [0x0000000080000000, 0x0000000100000000)
  region size 1024K, 5 young (5120K), 5 survivors (5120K)
 Metaspace       used 120081K, committed 122816K, reserved 557056K
  class space    used 13584K, committed 14848K, reserved 425984K
}

